<?xml version="1.0" encoding="UTF-8"?>
<!-- Generated by org.testng.reporters.JUnitReportReporter -->
<testsuite hostname="DESKTOP-UDECO0U" failures="0" tests="4" name="com.restapi.tests.GetRequestTests" time="2.714" errors="0" timestamp="2023-02-05T14:31:29 IST" skipped="0">
  <testcase classname="com.restapi.tests.GetRequestTests" name="getEmployeesDetails" time="0.684"/>
  <system-out/>
  <testcase classname="com.restapi.tests.GetRequestTests" name="getEmployeeDetail" time="1.815"/>
  <system-out/>
  <testcase classname="com.restapi.tests.GetRequestTests" name="getEmployeeDetail" time="0.099"/>
  <system-out/>
  <testcase classname="com.restapi.tests.GetRequestTests" name="getEmployeeDetail" time="0.116"/>
  <system-out/>
</testsuite> <!-- com.restapi.tests.GetRequestTests -->
