<?xml version="1.0" encoding="UTF-8"?>
<!-- Generated by org.testng.reporters.JUnitReportReporter -->
<testsuite hostname="DESKTOP-UDECO0U" failures="0" tests="3" name="com.restapi.tests.PostRequestTests" time="7.802" errors="0" timestamp="2023-02-05T14:31:29 IST" skipped="0">
  <testcase classname="com.restapi.tests.PostRequestTests" name="postRequestUsingExternalFile" time="0.131"/>
  <system-out/>
  <testcase classname="com.restapi.tests.PostRequestTests" name="postTestUsingPojo" time="7.568"/>
  <system-out/>
  <testcase classname="com.restapi.tests.PostRequestTests" name="postRequestUsingExternalFile1" time="0.103"/>
  <system-out/>
</testsuite> <!-- com.restapi.tests.PostRequestTests -->
